<?xml version="1.0" encoding="UTF-8"?>
<!-- Generated by org.testng.reporters.JUnitReportReporter -->
<testsuite skipped="0" hostname="LAPTOP-ED1401UM" name="testCases.PFloginApplication" tests="1" failures="0" timestamp="05 Feb 2019 17:09:49 GMT" time="11.469" errors="0">
  <testcase name="GetLogin" time="11.469" classname="testCases.PFloginApplication"/>
</testsuite> <!-- testCases.PFloginApplication -->
