<?xml version="1.0" encoding="UTF-8"?>
<!-- Generated by org.testng.reporters.JUnitReportReporter -->
<testsuite skipped="0" hostname="LAPTOP-ED1401UM" name="testCases.LoginApplication" tests="1" failures="0" timestamp="07 Feb 2019 17:16:28 GMT" time="6.994" errors="0">
  <testcase name="getLogin" time="6.994" classname="testCases.LoginApplication"/>
</testsuite> <!-- testCases.LoginApplication -->
