<?xml version="1.0" encoding="UTF-8"?>
<!-- Generated by org.testng.reporters.JUnitReportReporter -->
<testsuite skipped="0" hostname="LAPTOP-ED1401UM" name="testCases.LoginApplication2" tests="1" failures="0" timestamp="04 Feb 2019 17:20:47 GMT" time="7.487" errors="0">
  <testcase name="GetLogin" time="7.487" classname="testCases.LoginApplication2"/>
</testsuite> <!-- testCases.LoginApplication2 -->
